<?xml version="1.0" encoding="UTF-8"?>
<testng-results skipped="0" failed="0" total="1" passed="1">
  <reporter-output>
  </reporter-output>
  <suite name="Default suite" duration-ms="51218" started-at="2018-03-23T09:50:41Z" finished-at="2018-03-23T09:51:32Z">
    <groups>
    </groups>
    <test name="Default test" duration-ms="51218" started-at="2018-03-23T09:50:41Z" finished-at="2018-03-23T09:51:32Z">
      <class name="agripalAutomation.UserLogin">
        <test-method status="PASS" signature="setUp()[pri:0, instance:agripalAutomation.UserLogin@4667ae56]" name="setUp" is-config="true" duration-ms="24348" started-at="2018-03-23T15:20:41Z" finished-at="2018-03-23T15:21:06Z">
          <reporter-output>
          </reporter-output>
        </test-method> <!-- setUp -->
        <test-method status="PASS" signature="login()[pri:0, instance:agripalAutomation.UserLogin@4667ae56]" name="login" duration-ms="26820" started-at="2018-03-23T15:21:06Z" finished-at="2018-03-23T15:21:32Z">
          <reporter-output>
          </reporter-output>
        </test-method> <!-- login -->
        <test-method status="FAIL" signature="afterTest()[pri:0, instance:agripalAutomation.UserLogin@4667ae56]" name="afterTest" is-config="true" duration-ms="0" started-at="2018-03-23T15:21:32Z" finished-at="2018-03-23T15:21:32Z">
          <exception class="org.openqa.selenium.WebDriverException">
            <message>
              <![CDATA[Method has not yet been implemented (WARNING: The server did not provide any stacktrace information)
Command duration or timeout: 0 milliseconds
Build info: version: '3.11.0', revision: 'e59cfb3', time: '2018-03-11T20:33:15.31Z'
System info: host: 'INFCHSZA2336', ip: '172.29.34.58', os.name: 'Windows 7', os.arch: 'amd64', os.version: '6.1', java.version: '1.8.0_31'
Driver info: io.appium.java_client.android.AndroidDriver
Capabilities {appActivity: com.olam.gabon.ui.SplashAct..., appPackage: com.olam.gabon, autoGrantPermissions: true, databaseEnabled: false, desired: {appActivity: com.olam.gabon.ui.SplashAct..., appPackage: com.olam.gabon, autoGrantPermissions: true, deviceName: ZY32299WHC, platformName: android, version: 7.1.1}, deviceManufacturer: motorola, deviceModel: Moto G (5S) Plus, deviceName: ZY32299WHC, deviceScreenSize: 1080x1920, deviceUDID: ZY32299WHC, javascriptEnabled: true, locationContextEnabled: false, networkConnectionEnabled: true, platform: LINUX, platformName: LINUX, platformVersion: 7.1.1, takesScreenshot: true, version: 7.1.1, warnings: {}, webStorageEnabled: false}
Session ID: fc4177a9-923f-4f82-a13b-4a0edeeef1d4]]>
            </message>
            <full-stacktrace>
              <![CDATA[org.openqa.selenium.WebDriverException: Method has not yet been implemented (WARNING: The server did not provide any stacktrace information)
Command duration or timeout: 0 milliseconds
Build info: version: '3.11.0', revision: 'e59cfb3', time: '2018-03-11T20:33:15.31Z'
System info: host: 'INFCHSZA2336', ip: '172.29.34.58', os.name: 'Windows 7', os.arch: 'amd64', os.version: '6.1', java.version: '1.8.0_31'
Driver info: io.appium.java_client.android.AndroidDriver
Capabilities {appActivity: com.olam.gabon.ui.SplashAct..., appPackage: com.olam.gabon, autoGrantPermissions: true, databaseEnabled: false, desired: {appActivity: com.olam.gabon.ui.SplashAct..., appPackage: com.olam.gabon, autoGrantPermissions: true, deviceName: ZY32299WHC, platformName: android, version: 7.1.1}, deviceManufacturer: motorola, deviceModel: Moto G (5S) Plus, deviceName: ZY32299WHC, deviceScreenSize: 1080x1920, deviceUDID: ZY32299WHC, javascriptEnabled: true, locationContextEnabled: false, networkConnectionEnabled: true, platform: LINUX, platformName: LINUX, platformVersion: 7.1.1, takesScreenshot: true, version: 7.1.1, warnings: {}, webStorageEnabled: false}
Session ID: fc4177a9-923f-4f82-a13b-4a0edeeef1d4
	at sun.reflect.NativeConstructorAccessorImpl.newInstance0(Native Method)
	at sun.reflect.NativeConstructorAccessorImpl.newInstance(Unknown Source)
	at sun.reflect.DelegatingConstructorAccessorImpl.newInstance(Unknown Source)
	at java.lang.reflect.Constructor.newInstance(Unknown Source)
	at org.openqa.selenium.remote.ErrorHandler.createThrowable(ErrorHandler.java:214)
	at org.openqa.selenium.remote.ErrorHandler.throwIfResponseFailed(ErrorHandler.java:166)
	at org.openqa.selenium.remote.http.JsonHttpResponseCodec.reconstructValue(JsonHttpResponseCodec.java:40)
	at org.openqa.selenium.remote.http.AbstractHttpResponseCodec.decode(AbstractHttpResponseCodec.java:80)
	at org.openqa.selenium.remote.http.AbstractHttpResponseCodec.decode(AbstractHttpResponseCodec.java:44)
	at org.openqa.selenium.remote.HttpCommandExecutor.execute(HttpCommandExecutor.java:158)
	at io.appium.java_client.remote.AppiumCommandExecutor.execute(AppiumCommandExecutor.java:129)
	at org.openqa.selenium.remote.RemoteWebDriver.execute(RemoteWebDriver.java:545)
	at io.appium.java_client.DefaultGenericMobileDriver.execute(DefaultGenericMobileDriver.java:46)
	at io.appium.java_client.AppiumDriver.execute(AppiumDriver.java:1)
	at io.appium.java_client.android.AndroidDriver.execute(AndroidDriver.java:1)
	at org.openqa.selenium.remote.RemoteWebDriver.close(RemoteWebDriver.java:435)
	at agripalAutomation.UserLogin.afterTest(UserLogin.java:64)
	at sun.reflect.NativeMethodAccessorImpl.invoke0(Native Method)
	at sun.reflect.NativeMethodAccessorImpl.invoke(Unknown Source)
	at sun.reflect.DelegatingMethodAccessorImpl.invoke(Unknown Source)
	at java.lang.reflect.Method.invoke(Unknown Source)
	at org.testng.internal.MethodInvocationHelper.invokeMethod(MethodInvocationHelper.java:85)
	at org.testng.internal.Invoker.invokeConfigurationMethod(Invoker.java:510)
	at org.testng.internal.Invoker.invokeConfigurations(Invoker.java:211)
	at org.testng.internal.Invoker.invokeConfigurations(Invoker.java:138)
	at org.testng.TestRunner.afterRun(TestRunner.java:1023)
	at org.testng.TestRunner.run(TestRunner.java:628)
	at org.testng.SuiteRunner.runTest(SuiteRunner.java:359)
	at org.testng.SuiteRunner.runSequentially(SuiteRunner.java:354)
	at org.testng.SuiteRunner.privateRun(SuiteRunner.java:312)
	at org.testng.SuiteRunner.run(SuiteRunner.java:261)
	at org.testng.SuiteRunnerWorker.runSuite(SuiteRunnerWorker.java:52)
	at org.testng.SuiteRunnerWorker.run(SuiteRunnerWorker.java:86)
	at org.testng.TestNG.runSuitesSequentially(TestNG.java:1215)
	at org.testng.TestNG.runSuitesLocally(TestNG.java:1140)
	at org.testng.TestNG.run(TestNG.java:1048)
	at org.testng.remote.AbstractRemoteTestNG.run(AbstractRemoteTestNG.java:132)
	at org.testng.remote.RemoteTestNG.initAndRun(RemoteTestNG.java:230)
	at org.testng.remote.RemoteTestNG.main(RemoteTestNG.java:76)
]]>
            </full-stacktrace>
          </exception> <!-- org.openqa.selenium.WebDriverException -->
          <reporter-output>
          </reporter-output>
        </test-method> <!-- afterTest -->
      </class> <!-- agripalAutomation.UserLogin -->
    </test> <!-- Default test -->
  </suite> <!-- Default suite -->
</testng-results>
